C:\Program Files (x86)\Microsoft Visual Studio\2017\Community\Common7\IDE\VC\VCTargets\Microsoft.CppBuild.targets(391,5): warning MSB8028: промежуточный каталог (Release\) содержит файлы, которые используются совместно с другим проектом (Project28.vcxproj).  Это может привести к ошибкам очистки и перестроения.
  Block.cpp
  Bullet.cpp
c:\users\home\source\repos\brick_challenger\brickchallenger\bullet.cpp(6): warning C4244: аргумент: преобразование "int" в "float", возможна потеря данных
c:\users\home\source\repos\brick_challenger\brickchallenger\bullet.cpp(9): warning C4244: =: преобразование "double" в "float", возможна потеря данных
c:\users\home\source\repos\brick_challenger\brickchallenger\bullet.cpp(10): warning C4244: =: преобразование "double" в "float", возможна потеря данных
  Button.cpp
  GameState.cpp
c:\users\home\source\repos\brick_challenger\brickchallenger\gamestate.cpp(16): warning C4244: аргумент: преобразование "float" в "int", возможна потеря данных
c:\users\home\source\repos\brick_challenger\brickchallenger\gamestate.cpp(28): warning C4244: аргумент: преобразование "int" в "T", возможна потеря данных
          with
          [
              T=float
          ]
c:\users\home\source\repos\brick_challenger\brickchallenger\gamestate.cpp(81): warning C4244: аргумент: преобразование "float" в "int", возможна потеря данных
c:\users\home\source\repos\brick_challenger\brickchallenger\gamestate.cpp(83): warning C4018: <: несоответствие типов со знаком и без знака
c:\users\home\source\repos\brick_challenger\brickchallenger\gamestate.cpp(117): warning C4018: <: несоответствие типов со знаком и без знака
c:\users\home\source\repos\brick_challenger\brickchallenger\gamestate.cpp(184): warning C4018: <: несоответствие типов со знаком и без знака
  GameWindow.cpp
  MainMenuState.cpp
  Player.cpp
c:\users\home\source\repos\brick_challenger\brickchallenger\player.cpp(127): warning C4244: инициализация: преобразование "double" в "float", возможна потеря данных
c:\users\home\source\repos\brick_challenger\brickchallenger\player.cpp(154): warning C4018: <: несоответствие типов со знаком и без знака
  Source.cpp
  State.cpp
  Создание кода
c:\users\home\source\repos\brick_challenger\brickchallenger\player.cpp(97): warning C4172: возвращение адреса локальной или временной переменной
c:\users\home\source\repos\brick_challenger\brickchallenger\button.cpp(57): warning C4172: возвращение адреса локальной или временной переменной
c:\users\home\source\repos\brick_challenger\brickchallenger\button.cpp(59): warning C4172: возвращение адреса локальной или временной переменной
  419 of 427 functions (98.1%) were compiled, the rest were copied from previous compilation.
    0 functions were new in current compilation
    0 functions had inline decision re-evaluated but remain unchanged
  Создание кода завершено
  BrickChallenger.vcxproj -> C:\Users\Home\source\repos\brick_challenger\Release\BrickChallenger.exe
