C:\Program Files (x86)\Microsoft Visual Studio\2017\Community\Common7\IDE\VC\VCTargets\Microsoft.CppBuild.targets(391,5): warning MSB8028: промежуточный каталог (Release\) содержит файлы, которые используются совместно с другим проектом (Project28.vcxproj).  Это может привести к ошибкам очистки и перестроения.
  GameState.cpp
c:\users\home\source\repos\project28 — копия\project28\gamestate.cpp(16): warning C4244: аргумент: преобразование "float" в "int", возможна потеря данных
c:\users\home\source\repos\project28 — копия\project28\gamestate.cpp(28): warning C4244: аргумент: преобразование "int" в "T", возможна потеря данных
          with
          [
              T=float
          ]
c:\users\home\source\repos\project28 — копия\project28\gamestate.cpp(81): warning C4244: аргумент: преобразование "float" в "int", возможна потеря данных
c:\users\home\source\repos\project28 — копия\project28\gamestate.cpp(83): warning C4018: <: несоответствие типов со знаком и без знака
c:\users\home\source\repos\project28 — копия\project28\gamestate.cpp(117): warning C4018: <: несоответствие типов со знаком и без знака
c:\users\home\source\repos\project28 — копия\project28\gamestate.cpp(184): warning C4018: <: несоответствие типов со знаком и без знака
  Player.cpp
c:\users\home\source\repos\project28 — копия\project28\player.cpp(82): warning C4244: инициализация: преобразование "double" в "float", возможна потеря данных
c:\users\home\source\repos\project28 — копия\project28\player.cpp(104): warning C4018: <: несоответствие типов со знаком и без знака
  Создание кода
  2 of 427 functions ( 0.5%) were compiled, the rest were copied from previous compilation.
    0 functions were new in current compilation
    2 functions had inline decision re-evaluated but remain unchanged
  Создание кода завершено
  Project28.vcxproj -> C:\Users\Home\source\repos\Project28 — копия\Release\BrickChallenger.exe
